<?xml version="1.0" encoding="UTF-8"?>
<testng-results ignored="0" total="1" passed="1" failed="0" skipped="0">
  <reporter-output>
  </reporter-output>
  <suite started-at="2021-06-07T15:21:26 ART" name="Default suite" finished-at="2021-06-07T15:21:40 ART" duration-ms="14541">
    <groups>
    </groups>
    <test started-at="2021-06-07T15:21:26 ART" name="Default test" finished-at="2021-06-07T15:21:40 ART" duration-ms="14541">
      <class name="tests.DemoTest">
        <test-method signature="navigateToGooglePage()[pri:0, instance:tests.DemoTest@50a638b5]" started-at="2021-06-07T15:21:26 ART" name="navigateToGooglePage" finished-at="2021-06-07T15:21:40 ART" duration-ms="14479" status="PASS">
          <reporter-output>
          </reporter-output>
        </test-method> <!-- navigateToGooglePage -->
      </class> <!-- tests.DemoTest -->
    </test> <!-- Default test -->
  </suite> <!-- Default suite -->
</testng-results>
